[2021-10-21 08:25:20] local.DEBUG: Message-ID: <f83cb5e7f5c31ed797f9233d5959815f@land.loc>
Date: Thu, 21 Oct 2021 08:25:19 +0000
Subject: Order Shipped
From: asdfgh <asdfghj@mail.ru>
To: minkina.russia@gmail.com
MIME-Version: 1.0
Content-Type: text/html; charset=utf-8
Content-Transfer-Encoding: quoted-printable

<p> asdfgh</p>
<div> asdfasdasd</div>  
[2021-10-21 08:33:13] local.DEBUG: Message-ID: <40caf82fb54972274f4765197acafd83@land.loc>
Date: Thu, 21 Oct 2021 08:33:13 +0000
Subject: Order Shipped
From: asdfg <asdfghj@mail.ru>
To: minkina.russia@gmail.com
MIME-Version: 1.0
Content-Type: text/html; charset=utf-8
Content-Transfer-Encoding: quoted-printable

<p> asdfg</p>
<div> asdfgh</div>  
[2021-10-21 08:49:28] local.DEBUG: Message-ID: <bd847984e1945925a30d17fe3d558c25@land.loc>
Date: Thu, 21 Oct 2021 08:49:28 +0000
Subject: Order Shipped
From: asdfg <asdfg@mail.ru>
To: minkina.russia@gmail.com
MIME-Version: 1.0
Content-Type: text/html; charset=utf-8
Content-Transfer-Encoding: quoted-printable

<p> asdfg</p>
<div> asdfghj</div>  
[2021-10-21 14:25:53] local.DEBUG: Message-ID: <61c78b91a41bdaa6ca4b13510bdf1268@land.loc>
Date: Thu, 21 Oct 2021 14:25:53 +0000
Subject: Order Shipped
From: asdfgh <asdfghj@mail.ru>
To: minkina.russia@gmail.com
MIME-Version: 1.0
Content-Type: text/html; charset=utf-8
Content-Transfer-Encoding: quoted-printable

<p> asdfgh</p>
<div> asdfghj</div>  
[2021-10-21 14:37:06] local.DEBUG: Message-ID: <af45db7903fef30467e6edf90a421a51@land.loc>
Date: Thu, 21 Oct 2021 14:37:06 +0000
Subject: Order Shipped
From: asdfg <asdfghj@mail.ru>
Reply-To: App Name <example@example.com>
MIME-Version: 1.0
Content-Type: text/html; charset=utf-8
Content-Transfer-Encoding: quoted-printable

<p> asdfg</p>
<div> asdfgh</div>  
[2021-10-22 10:26:13] local.DEBUG: Message-ID: <a4d3498b320c5fb729c92c2994e8d99b@land.loc>
Date: Fri, 22 Oct 2021 10:26:13 +0000
Subject: Order Shipped
From: acz <asdfghj@mail.ru>
Reply-To: App Name <example@example.com>
To: example@example.com
MIME-Version: 1.0
Content-Type: text/html; charset=utf-8
Content-Transfer-Encoding: quoted-printable

<p> acz</p>
<div> hello</div>  
[2021-10-22 11:53:08] local.DEBUG: Message-ID: <d33293d4e12ac263abc52b9984a07d78@land.loc>
Date: Fri, 22 Oct 2021 11:53:08 +0000
Subject: Order Shipped
From: Anna <minkina.russia@gmail.com>
To: admin@admin.com
MIME-Version: 1.0
Content-Type: text/html; charset=utf-8
Content-Transfer-Encoding: quoted-printable

<p> Anna</p>
<div> Urrrrra!!!!</div>  
[2021-10-22 12:49:01] local.DEBUG: Message-ID: <6ab3cbdea5f4d0ae3716377e96fbc15a@land.loc>
Date: Fri, 22 Oct 2021 12:49:01 +0000
Subject: Order Shipped
From: Irina <asdfghj@mail.ru>
To: admin@admin.com
MIME-Version: 1.0
Content-Type: text/html; charset=utf-8
Content-Transfer-Encoding: quoted-printable

<p> Irina</p>
<div> Hi!</div>  
[2021-10-22 13:04:46] local.DEBUG: Message-ID: <301378563e6af7fd8771fa773f5050b9@land.loc>
Date: Fri, 22 Oct 2021 13:04:46 +0000
Subject: Test
From: asdfgh <asdfghj@mail.ru>
To: admin@admin.com
MIME-Version: 1.0
Content-Type: text/html; charset=utf-8
Content-Transfer-Encoding: quoted-printable

<p> asdfgh</p>
<div> zxcvzxczxczxc</div>  
[2021-10-22 14:13:40] local.DEBUG: Message-ID: <eded0b98a3d3031e8ae024c0f58d4fd8@land.loc>
Date: Fri, 22 Oct 2021 14:13:40 +0000
Subject: Test
From: asdfgh <asdfghj@mail.ru>
To: admin@admin.com
MIME-Version: 1.0
Content-Type: text/html; charset=utf-8
Content-Transfer-Encoding: quoted-printable

<p> asdfgh</p>
<div> asdfghj</div>  
[2021-10-24 13:28:47] local.DEBUG: Message-ID: <09df62c534497741c62283417462de2c@land.loc>
Date: Sun, 24 Oct 2021 13:28:45 +0000
Subject: Test
From: Ivan <ivan@mail.ru>
To: admin@admin.com
MIME-Version: 1.0
Content-Type: text/html; charset=utf-8
Content-Transfer-Encoding: quoted-printable

<p> Ivan</p>
<div> qwertyui</div>  
[2021-10-25 12:21:25] local.DEBUG: Message-ID: <633eee2f8319d729e0665199540b9575@land.loc>
Date: Mon, 25 Oct 2021 12:21:24 +0000
Subject: Test
From: asdfg <asdfghj@mail.ru>
To: admin@admin.com
MIME-Version: 1.0
Content-Type: text/html; charset=utf-8
Content-Transfer-Encoding: quoted-printable

<p> asdfg</p>
<div> zxcvbzxcvxcvb</div>  
[2021-10-25 12:23:10] local.DEBUG: Message-ID: <eb9ef96b27cca20325d405714cbfcb5a@land.loc>
Date: Mon, 25 Oct 2021 12:23:10 +0000
Subject: Test
From: asdf <asdfghj@mail.ru>
To: admin@admin.com
MIME-Version: 1.0
Content-Type: text/html; charset=utf-8
Content-Transfer-Encoding: quoted-printable

<p> asdf</p>
<div> asdfgh</div>  
[2021-10-26 12:31:54] local.DEBUG: Message-ID: <4f1c4e58fd3cb9473f7cc74102e2c387@land.loc>
Date: Tue, 26 Oct 2021 12:31:53 +0000
Subject: Test
From: asdfg <asdfghj@mail.ru>
To: admin@admin.com
MIME-Version: 1.0
Content-Type: text/html; charset=utf-8
Content-Transfer-Encoding: quoted-printable

<p> asdfg</p>
<div> qweqweqweqwe</div>  
[2021-10-26 12:37:46] local.DEBUG: Message-ID: <f3e0221eef95182ff2de6a74eba618c8@land.loc>
Date: Tue, 26 Oct 2021 12:37:46 +0000
Subject: Test
From: asdfgh <asdfghj@mail.ru>
To: admin@admin.com
MIME-Version: 1.0
Content-Type: text/html; charset=utf-8
Content-Transfer-Encoding: quoted-printable

<p> asdfgh</p>
<div> qwerqweqweqwe</div>  
[2021-10-26 13:57:10] local.DEBUG: Message-ID: <c202a2b031d6595bf9e34ec1a9f6e73b@land.loc>
Date: Tue, 26 Oct 2021 13:57:09 +0000
Subject: Test
From: qwert <asdfghj@mail.ru>
To: admin@admin.com
MIME-Version: 1.0
Content-Type: text/html; charset=utf-8
Content-Transfer-Encoding: quoted-printable

<p> qwert</p>
<div> zxcvbnm</div>  
[2021-11-19 13:13:22] local.DEBUG: Message-ID: <9b1ebd664acef17941c2fc71714598a9@land.loc>
Date: Fri, 19 Nov 2021 13:13:21 +0000
Subject: Test
From: asdfgh <asdfghj@mail.ru>
To: admin@admin.com
MIME-Version: 1.0
Content-Type: text/html; charset=utf-8
Content-Transfer-Encoding: quoted-printable

<p> asdfgh</p>
<div> asdfghjkl</div>  
[2021-11-19 13:53:50] local.DEBUG: Message-ID: <a93e36ae035a8cba5007e5f2e4215aa4@land.loc>
Date: Fri, 19 Nov 2021 13:53:50 +0000
Subject: Test
From: asdfgh <asdfg@mail.ru>
To: admin@admin.com
MIME-Version: 1.0
Content-Type: text/html; charset=utf-8
Content-Transfer-Encoding: quoted-printable

<p> asdfgh</p>
<div> asdfasdsdf</div>  
[2021-11-19 14:51:34] local.DEBUG: Message-ID: <8880d98e80ba368ffc81141c1e9edb93@land.loc>
Date: Fri, 19 Nov 2021 14:51:34 +0000
Subject: Test
From: asdfg <asdfghj@mail.ru>
To: admin@admin.com
MIME-Version: 1.0
Content-Type: text/html; charset=utf-8
Content-Transfer-Encoding: quoted-printable

<p> asdfg</p>
<div> asdasdasdasd</div>  
